<?xml version="1.0" encoding="UTF-8"?>
<!-- Generated by org.testng.reporters.JUnitXMLReporter -->
<testsuite ignored="0" hostname="DESKTOP-OQPM0JT" failures="1" tests="4" name="test2" time="2.094" errors="0" timestamp="2025-07-30T11:43:25 IST">
  <testcase classname="org.test.Attributes" name="login" time="0.005"/>
  <testcase classname="org.test.Attributes" name="homepage" time="0.003"/>
  <testcase classname="org.test.Attributes" name="productpage" time="0.027"/>
  <testcase classname="org.test.Attributes" name="logout" time="2.021">
    <failure type="org.testng.internal.thread.ThreadTimeoutException" message="Method org.test.Attributes.logout() didn&amp;apos;t finish within the time-out 2000">
      <![CDATA[org.testng.internal.thread.ThreadTimeoutException: Method org.test.Attributes.logout() didn't finish within the time-out 2000
at java.base/java.util.ArrayList.forEach(ArrayList.java:1511)
... Removed 24 stack frames]]>
    </failure>
  </testcase> <!-- logout -->
</testsuite> <!-- test2 -->
