<?xml version="1.0" encoding="UTF-8"?>
<testng-results ignored="0" total="2" passed="2" failed="0" skipped="0">
  <reporter-output>
  </reporter-output>
  <suite started-at="2025-08-08T11:50:04 IST" name="Default suite" finished-at="2025-08-08T11:50:37 IST" duration-ms="32092">
    <groups>
    </groups>
    <test started-at="2025-08-08T11:50:04 IST" name="Default test" finished-at="2025-08-08T11:50:37 IST" duration-ms="32092">
      <class name="org.test.ExtendReportDemo">
        <test-method is-config="true" signature="setup()[pri:0, instance:org.test.ExtendReportDemo@71a8adcf]" started-at="2025-08-08T11:50:04 IST" name="setup" finished-at="2025-08-08T11:50:05 IST" duration-ms="763" status="PASS">
          <reporter-output>
          </reporter-output>
        </test-method> <!-- setup -->
        <test-method is-config="true" signature="brpwsersetup()[pri:0, instance:org.test.ExtendReportDemo@71a8adcf]" started-at="2025-08-08T11:50:05 IST" name="brpwsersetup" finished-at="2025-08-08T11:50:22 IST" duration-ms="16641" status="PASS">
          <reporter-output>
          </reporter-output>
        </test-method> <!-- brpwsersetup -->
        <test-method signature="checkTitle()[pri:0, instance:org.test.ExtendReportDemo@71a8adcf]" started-at="2025-08-08T11:50:22 IST" name="checkTitle" finished-at="2025-08-08T11:50:22 IST" duration-ms="184" status="PASS">
          <reporter-output>
          </reporter-output>
        </test-method> <!-- checkTitle -->
        <test-method is-config="true" signature="close()[pri:0, instance:org.test.ExtendReportDemo@71a8adcf]" started-at="2025-08-08T11:50:22 IST" name="close" finished-at="2025-08-08T11:50:25 IST" duration-ms="2946" status="PASS">
          <reporter-output>
          </reporter-output>
        </test-method> <!-- close -->
        <test-method is-config="true" signature="brpwsersetup()[pri:0, instance:org.test.ExtendReportDemo@71a8adcf]" started-at="2025-08-08T11:50:25 IST" name="brpwsersetup" finished-at="2025-08-08T11:50:34 IST" duration-ms="8699" status="PASS">
          <reporter-output>
          </reporter-output>
        </test-method> <!-- brpwsersetup -->
        <test-method signature="verifyGmailLink()[pri:0, instance:org.test.ExtendReportDemo@71a8adcf]" started-at="2025-08-08T11:50:34 IST" name="verifyGmailLink" finished-at="2025-08-08T11:50:35 IST" duration-ms="1062" status="PASS">
          <reporter-output>
          </reporter-output>
        </test-method> <!-- verifyGmailLink -->
        <test-method is-config="true" signature="close()[pri:0, instance:org.test.ExtendReportDemo@71a8adcf]" started-at="2025-08-08T11:50:35 IST" name="close" finished-at="2025-08-08T11:50:36 IST" duration-ms="837" status="PASS">
          <reporter-output>
          </reporter-output>
        </test-method> <!-- close -->
        <test-method is-config="true" signature="tear()[pri:0, instance:org.test.ExtendReportDemo@71a8adcf]" started-at="2025-08-08T11:50:36 IST" name="tear" finished-at="2025-08-08T11:50:37 IST" duration-ms="868" status="PASS">
          <reporter-output>
          </reporter-output>
        </test-method> <!-- tear -->
      </class> <!-- org.test.ExtendReportDemo -->
    </test> <!-- Default test -->
  </suite> <!-- Default suite -->
</testng-results>
